{"numTotalTestSuites":9,"numPassedTestSuites":9,"numFailedTestSuites":0,"numPendingTestSuites":0,"numTotalTests":19,"numPassedTests":19,"numFailedTests":0,"numPendingTests":0,"numTodoTests":0,"snapshot":{"added":0,"failure":false,"filesAdded":0,"filesRemoved":0,"filesRemovedList":[],"filesUnmatched":0,"filesUpdated":0,"matched":0,"total":0,"unchecked":0,"uncheckedKeysByFile":[],"unmatched":0,"updated":0,"didUpdate":false},"startTime":1755565027245,"success":true,"testResults":[{"assertionResults":[{"ancestorTitles":["Brainy Core Functionality","Library Exports"],"fullName":"Brainy Core Functionality Library Exports should export BrainyData class","status":"passed","title":"should export BrainyData class","duration":1.0634480000001076,"failureMessages":[],"meta":{}},{"ancestorTitles":["Brainy Core Functionality","Library Exports"],"fullName":"Brainy Core Functionality Library Exports should export environment detection functions","status":"passed","title":"should export environment detection functions","duration":0.2891510000000608,"failureMessages":[],"meta":{}},{"ancestorTitles":["Brainy Core Functionality","Library Exports"],"fullName":"Brainy Core Functionality Library Exports should export embedding function creator","status":"passed","title":"should export embedding function creator","duration":0.12208900000007361,"failureMessages":[],"meta":{}},{"ancestorTitles":["Brainy Core Functionality","Library Exports"],"fullName":"Brainy Core Functionality Library Exports should export environment detection functions","status":"passed","title":"should export environment detection functions","duration":0.17567099999996572,"failureMessages":[],"meta":{}},{"ancestorTitles":["Brainy Core Functionality","BrainyData Configuration"],"fullName":"Brainy Core Functionality BrainyData Configuration should create instance with minimal configuration","status":"passed","title":"should create instance with minimal configuration","duration":0.844553000000019,"failureMessages":[],"meta":{}},{"ancestorTitles":["Brainy Core Functionality","BrainyData Configuration"],"fullName":"Brainy Core Functionality BrainyData Configuration should create instance with full configuration","status":"passed","title":"should create instance with full configuration","duration":0.23787100000004102,"failureMessages":[],"meta":{}},{"ancestorTitles":["Brainy Core Functionality","BrainyData Configuration"],"fullName":"Brainy Core Functionality BrainyData Configuration should not throw with valid configuration parameters","status":"passed","title":"should not throw with valid configuration parameters","duration":0.8859240000000455,"failureMessages":[],"meta":{}},{"ancestorTitles":["Brainy Core Functionality","BrainyData Configuration"],"fullName":"Brainy Core Functionality BrainyData Configuration should use default values for optional parameters","status":"passed","title":"should use default values for optional parameters","duration":0.27795400000002246,"failureMessages":[],"meta":{}},{"ancestorTitles":["Brainy Core Functionality","Vector Operations"],"fullName":"Brainy Core Functionality Vector Operations should handle vector addition and search","status":"passed","title":"should handle vector addition and search","duration":10.553225999999995,"failureMessages":[],"meta":{}},{"ancestorTitles":["Brainy Core Functionality","Vector Operations"],"fullName":"Brainy Core Functionality Vector Operations should handle batch vector operations","status":"passed","title":"should handle batch vector operations","duration":5.278878999999961,"failureMessages":[],"meta":{}},{"ancestorTitles":["Brainy Core Functionality","Vector Operations"],"fullName":"Brainy Core Functionality Vector Operations should handle different distance metrics","status":"passed","title":"should handle different distance metrics","duration":2.6239249999999856,"failureMessages":[],"meta":{}},{"ancestorTitles":["Brainy Core Functionality","Text Processing"],"fullName":"Brainy Core Functionality Text Processing should handle text items with embedding function","status":"passed","title":"should handle text items with embedding function","duration":1.5078889999999774,"failureMessages":[],"meta":{}},{"ancestorTitles":["Brainy Core Functionality","Text Processing"],"fullName":"Brainy Core Functionality Text Processing should handle mixed vector and text operations","status":"passed","title":"should handle mixed vector and text operations","duration":2.0209540000000743,"failureMessages":[],"meta":{}},{"ancestorTitles":["Brainy Core Functionality","Error Handling"],"fullName":"Brainy Core Functionality Error Handling should handle invalid vector dimensions","status":"passed","title":"should handle invalid vector dimensions","duration":8.780691000000047,"failureMessages":[],"meta":{}},{"ancestorTitles":["Brainy Core Functionality","Error Handling"],"fullName":"Brainy Core Functionality Error Handling should handle search before initialization","status":"passed","title":"should handle search before initialization","duration":0.2857259999999542,"failureMessages":[],"meta":{}},{"ancestorTitles":["Brainy Core Functionality","Error Handling"],"fullName":"Brainy Core Functionality Error Handling should handle empty search results gracefully","status":"passed","title":"should handle empty search results gracefully","duration":1.0527680000000146,"failureMessages":[],"meta":{}},{"ancestorTitles":["Brainy Core Functionality","Performance and Scalability"],"fullName":"Brainy Core Functionality Performance and Scalability should handle moderate number of vectors efficiently","status":"passed","title":"should handle moderate number of vectors efficiently","duration":159.84574699999996,"failureMessages":[],"meta":{}},{"ancestorTitles":["Brainy Core Functionality","Performance and Scalability"],"fullName":"Brainy Core Functionality Performance and Scalability should maintain search quality with more data","status":"passed","title":"should maintain search quality with more data","duration":183.36086799999998,"failureMessages":[],"meta":{}},{"ancestorTitles":["Brainy Core Functionality","Database Statistics"],"fullName":"Brainy Core Functionality Database Statistics should provide statistics structure even if counts are not tracked","status":"passed","title":"should provide statistics structure even if counts are not tracked","duration":3.403234999999995,"failureMessages":[],"meta":{}}],"startTime":1755565028315,"endTime":1755565028698.4033,"status":"passed","message":"","name":"/tmp/brainy-clean/tests/core.test.ts"}]}