{"numTotalTestSuites":5,"numPassedTestSuites":1,"numFailedTestSuites":4,"numPendingTestSuites":0,"numTotalTests":15,"numPassedTests":12,"numFailedTests":2,"numPendingTests":1,"numTodoTests":0,"snapshot":{"added":0,"failure":false,"filesAdded":0,"filesRemoved":0,"filesRemovedList":[],"filesUnmatched":0,"filesUpdated":0,"matched":0,"total":0,"unchecked":0,"uncheckedKeysByFile":[],"unmatched":0,"updated":0,"didUpdate":false},"startTime":1755565970925,"success":false,"testResults":[{"assertionResults":[{"ancestorTitles":["Storage Adapter Coverage Tests","Memory Adapter Tests"],"fullName":"Storage Adapter Coverage Tests Memory Adapter Tests should add and retrieve items","status":"passed","title":"should add and retrieve items","duration":324.562901,"failureMessages":[],"meta":{}},{"ancestorTitles":["Storage Adapter Coverage Tests","Memory Adapter Tests"],"fullName":"Storage Adapter Coverage Tests Memory Adapter Tests should search for items","status":"passed","title":"should search for items","duration":712.1696489999999,"failureMessages":[],"meta":{}},{"ancestorTitles":["Storage Adapter Coverage Tests","Memory Adapter Tests"],"fullName":"Storage Adapter Coverage Tests Memory Adapter Tests should delete items","status":"passed","title":"should delete items","duration":370.1350830000001,"failureMessages":[],"meta":{}},{"ancestorTitles":["Storage Adapter Coverage Tests","Memory Adapter Tests"],"fullName":"Storage Adapter Coverage Tests Memory Adapter Tests should update metadata","status":"passed","title":"should update metadata","duration":248.06060200000002,"failureMessages":[],"meta":{}},{"ancestorTitles":["Storage Adapter Coverage Tests","Memory Adapter Tests"],"fullName":"Storage Adapter Coverage Tests Memory Adapter Tests should handle relationships","status":"passed","title":"should handle relationships","duration":373.62288000000035,"failureMessages":[],"meta":{}},{"ancestorTitles":["Storage Adapter Coverage Tests","Memory Adapter Tests"],"fullName":"Storage Adapter Coverage Tests Memory Adapter Tests should enforce read-only mode","status":"passed","title":"should enforce read-only mode","duration":261.0038380000001,"failureMessages":[],"meta":{}},{"ancestorTitles":["Storage Adapter Coverage Tests","Memory Adapter Tests"],"fullName":"Storage Adapter Coverage Tests Memory Adapter Tests should get statistics","status":"failed","title":"should get statistics","duration":393.782784,"failureMessages":["AssertionError: expected 0 to be greater than or equal to 2\n    at /tmp/brainy-clean/tests/storage-adapter-coverage.test.ts:175:33\n    at file:///tmp/brainy-clean/node_modules/@vitest/runner/dist/chunk-hooks.js:752:20"],"meta":{}},{"ancestorTitles":["Storage Adapter Coverage Tests","FileSystem Adapter Tests"],"fullName":"Storage Adapter Coverage Tests FileSystem Adapter Tests should add and retrieve items","status":"passed","title":"should add and retrieve items","duration":268.5453870000001,"failureMessages":[],"meta":{}},{"ancestorTitles":["Storage Adapter Coverage Tests","FileSystem Adapter Tests"],"fullName":"Storage Adapter Coverage Tests FileSystem Adapter Tests should search for items","status":"passed","title":"should search for items","duration":660.6992460000001,"failureMessages":[],"meta":{}},{"ancestorTitles":["Storage Adapter Coverage Tests","FileSystem Adapter Tests"],"fullName":"Storage Adapter Coverage Tests FileSystem Adapter Tests should delete items","status":"passed","title":"should delete items","duration":405.4776670000001,"failureMessages":[],"meta":{}},{"ancestorTitles":["Storage Adapter Coverage Tests","FileSystem Adapter Tests"],"fullName":"Storage Adapter Coverage Tests FileSystem Adapter Tests should update metadata","status":"passed","title":"should update metadata","duration":300.4512850000001,"failureMessages":[],"meta":{}},{"ancestorTitles":["Storage Adapter Coverage Tests","FileSystem Adapter Tests"],"fullName":"Storage Adapter Coverage Tests FileSystem Adapter Tests should handle relationships","status":"passed","title":"should handle relationships","duration":476.2916100000002,"failureMessages":[],"meta":{}},{"ancestorTitles":["Storage Adapter Coverage Tests","FileSystem Adapter Tests"],"fullName":"Storage Adapter Coverage Tests FileSystem Adapter Tests should enforce read-only mode","status":"passed","title":"should enforce read-only mode","duration":288.4857229999998,"failureMessages":[],"meta":{}},{"ancestorTitles":["Storage Adapter Coverage Tests","FileSystem Adapter Tests"],"fullName":"Storage Adapter Coverage Tests FileSystem Adapter Tests should get statistics","status":"failed","title":"should get statistics","duration":434.40319100000033,"failureMessages":["AssertionError: expected 0 to be greater than or equal to 2\n    at /tmp/brainy-clean/tests/storage-adapter-coverage.test.ts:175:33\n    at file:///tmp/brainy-clean/node_modules/@vitest/runner/dist/chunk-hooks.js:752:20"],"meta":{}},{"ancestorTitles":["Storage Adapter Coverage Tests","S3-Compatible Storage Tests"],"fullName":"Storage Adapter Coverage Tests S3-Compatible Storage Tests would test S3 storage operations if properly configured","status":"skipped","title":"would test S3 storage operations if properly configured","failureMessages":[],"meta":{}}],"startTime":1755565971740,"endTime":1755565977258.403,"status":"failed","message":"","name":"/tmp/brainy-clean/tests/storage-adapter-coverage.test.ts"}]}